#-----------------------------------------------------------
# xsim v2022.1 (64-bit)
# SW Build 3526262 on Mon Apr 18 15:48:16 MDT 2022
# IP Build 3524634 on Mon Apr 18 20:55:01 MDT 2022
# Start of session at: Sat Nov 12 20:31:46 2022
# Process ID: 16496
# Current directory: C:/Users/Alan/Desktop/HLS_LabC/cordic/solution1/sim/verilog
# Command line: xsim.exe -mode tcl -source {xsim.dir/cordiccart2pol/xsim_script.tcl}
# Log file: C:/Users/Alan/Desktop/HLS_LabC/cordic/solution1/sim/verilog/xsim.log
# Journal file: C:/Users/Alan/Desktop/HLS_LabC/cordic/solution1/sim/verilog\xsim.jou
# Running On: Alan-lab, OS: Windows, CPU Frequency: 3600 MHz, CPU Physical cores: 4, Host memory: 25646 MB
#-----------------------------------------------------------
source xsim.dir/cordiccart2pol/xsim_script.tcl
# xsim {cordiccart2pol} -view {{cordiccart2pol_dataflow_ana.wcfg}} -tclbatch {cordiccart2pol.tcl} -protoinst {cordiccart2pol.protoinst}
INFO: [Wavedata 42-565] Reading protoinst file cordiccart2pol.protoinst
INFO: [Wavedata 42-564]   Found protocol instance at /apatb_cordiccart2pol_top/AESL_inst_cordiccart2pol//AESL_inst_cordiccart2pol_activity
INFO: [Wavedata 42-564]   Found protocol instance at /apatb_cordiccart2pol_top/AESL_inst_cordiccart2pol/grp_cordiccart2pol_Pipeline_cordic_loop_fu_92/grp_cordiccart2pol_Pipeline_cordic_loop_fu_92_activity
Time resolution is 1 ps
open_wave_config cordiccart2pol_dataflow_ana.wcfg
source cordiccart2pol.tcl
## log_wave [get_objects -filter {type == in_port || type == out_port || type == inout_port || type == port} /apatb_cordiccart2pol_top/AESL_inst_cordiccart2pol/*]
## set designtopgroup [add_wave_group "Design Top Signals"]
## set coutputgroup [add_wave_group "C Outputs" -into $designtopgroup]
## set return_group [add_wave_group return(wire) -into $coutputgroup]
## add_wave /apatb_cordiccart2pol_top/AESL_inst_cordiccart2pol/theta_ap_vld -into $return_group -color #ffff00 -radix hex
## add_wave /apatb_cordiccart2pol_top/AESL_inst_cordiccart2pol/theta -into $return_group -radix hex
## add_wave /apatb_cordiccart2pol_top/AESL_inst_cordiccart2pol/r_ap_vld -into $return_group -color #ffff00 -radix hex
## add_wave /apatb_cordiccart2pol_top/AESL_inst_cordiccart2pol/r -into $return_group -radix hex
## set cinputgroup [add_wave_group "C Inputs" -into $designtopgroup]
## set return_group [add_wave_group return(wire) -into $cinputgroup]
## add_wave /apatb_cordiccart2pol_top/AESL_inst_cordiccart2pol/y -into $return_group -radix hex
## add_wave /apatb_cordiccart2pol_top/AESL_inst_cordiccart2pol/x -into $return_group -radix hex
## set blocksiggroup [add_wave_group "Block-level IO Handshake" -into $designtopgroup]
## add_wave /apatb_cordiccart2pol_top/AESL_inst_cordiccart2pol/ap_start -into $blocksiggroup
## add_wave /apatb_cordiccart2pol_top/AESL_inst_cordiccart2pol/ap_done -into $blocksiggroup
## add_wave /apatb_cordiccart2pol_top/AESL_inst_cordiccart2pol/ap_idle -into $blocksiggroup
## add_wave /apatb_cordiccart2pol_top/AESL_inst_cordiccart2pol/ap_ready -into $blocksiggroup
## set resetgroup [add_wave_group "Reset" -into $designtopgroup]
## add_wave /apatb_cordiccart2pol_top/AESL_inst_cordiccart2pol/ap_rst -into $resetgroup
## set clockgroup [add_wave_group "Clock" -into $designtopgroup]
## add_wave /apatb_cordiccart2pol_top/AESL_inst_cordiccart2pol/ap_clk -into $clockgroup
## save_wave_config cordiccart2pol.wcfg
## run all
////////////////////////////////////////////////////////////////////////////////////
// Inter-Transaction Progress: Completed Transaction / Total Transaction
// Intra-Transaction Progress: Measured Latency / Latency Estimation * 100%
//
// RTL Simulation : "Inter-Transaction Progress" ["Intra-Transaction Progress"] @ "Simulation Time"
////////////////////////////////////////////////////////////////////////////////////
// RTL Simulation : 0 / 4 [0.00%] @ "2500000"
// RTL Simulation : 1 / 4 [100.00%] @ "19500000"
// RTL Simulation : 2 / 4 [100.00%] @ "35500000"
// RTL Simulation : 3 / 4 [100.00%] @ "51500000"
// RTL Simulation : 4 / 4 [100.00%] @ "67500000"
////////////////////////////////////////////////////////////////////////////////////
$finish called at time : 73500 ns : File "C:/Users/Alan/Desktop/HLS_LabC/cordic/solution1/sim/verilog/cordiccart2pol.autotb.v" Line 402
## quit
INFO: [Common 17-206] Exiting xsim at Sat Nov 12 20:31:48 2022...
