#-----------------------------------------------------------
# xsim v2022.1 (64-bit)
# SW Build 3526262 on Mon Apr 18 15:48:16 MDT 2022
# IP Build 3524634 on Mon Apr 18 20:55:01 MDT 2022
# Start of session at: Sat Nov 12 21:56:50 2022
# Process ID: 28068
# Current directory: C:/Xilinx/Vitis_HLS/2022.1/serialization/serialization.prj/solution1/sim/verilog
# Command line: xsim.exe -mode tcl -source {xsim.dir/dut/xsim_script.tcl}
# Log file: C:/Xilinx/Vitis_HLS/2022.1/serialization/serialization.prj/solution1/sim/verilog/xsim.log
# Journal file: C:/Xilinx/Vitis_HLS/2022.1/serialization/serialization.prj/solution1/sim/verilog\xsim.jou
# Running On: DESKTOP-B6S694L, OS: Windows, CPU Frequency: 3408 MHz, CPU Physical cores: 4, Host memory: 34224 MB
#-----------------------------------------------------------
source xsim.dir/dut/xsim_script.tcl
# xsim {dut} -view {{dut_dataflow_ana.wcfg}} -tclbatch {dut.tcl} -protoinst {dut.protoinst}
INFO: [Wavedata 42-565] Reading protoinst file dut.protoinst
INFO: [Wavedata 42-564]   Found protocol instance at /apatb_dut_top/AESL_inst_dut//AESL_inst_dut_activity
INFO: [Wavedata 42-564]   Found protocol instance at /apatb_dut_top/AESL_inst_dut/grp_dut_Pipeline_1_fu_128/grp_dut_Pipeline_1_fu_128_activity
INFO: [Wavedata 42-564]   Found protocol instance at /apatb_dut_top/AESL_inst_dut/grp_dut_Pipeline_2_fu_134/grp_dut_Pipeline_2_fu_134_activity
INFO: [Wavedata 42-564]   Found protocol instance at /apatb_dut_top/AESL_inst_dut/grp_dut_Pipeline_3_fu_140/grp_dut_Pipeline_3_fu_140_activity
INFO: [Wavedata 42-564]   Found protocol instance at /apatb_dut_top/AESL_inst_dut/grp_dut_Pipeline_4_fu_146/grp_dut_Pipeline_4_fu_146_activity
INFO: [Wavedata 42-564]   Found protocol instance at /apatb_dut_top/AESL_inst_dut/grp_dut_Pipeline_5_fu_152/grp_dut_Pipeline_5_fu_152_activity
INFO: [Wavedata 42-564]   Found protocol instance at /apatb_dut_top/AESL_inst_dut/grp_dut_Pipeline_6_fu_158/grp_dut_Pipeline_6_fu_158_activity
INFO: [Wavedata 42-564]   Found protocol instance at /apatb_dut_top/AESL_inst_dut/grp_dut_Pipeline_7_fu_164/grp_dut_Pipeline_7_fu_164_activity
INFO: [Wavedata 42-564]   Found protocol instance at /apatb_dut_top/AESL_inst_dut/grp_dut_Pipeline_8_fu_170/grp_dut_Pipeline_8_fu_170_activity
INFO: [Wavedata 42-564]   Found protocol instance at /apatb_dut_top/AESL_inst_dut/grp_dut_Pipeline_VITIS_LOOP_123_3_fu_202/grp_dut_Pipeline_VITIS_LOOP_123_3_fu_202_activity
INFO: [Wavedata 42-564]   Found protocol instance at /apatb_dut_top/AESL_inst_dut/grp_dut_Pipeline_VITIS_LOOP_37_1_fu_182/grp_dut_Pipeline_VITIS_LOOP_37_1_fu_182_activity
Time resolution is 1 ps
open_wave_config dut_dataflow_ana.wcfg
source dut.tcl
## log_wave -r /
WARNING: [Simtcl 6-197] One or more HDL objects could not be logged because of object type or size limitations.  To see details please rerun the command with -verbose (-v).
## set designtopgroup [add_wave_group "Design Top Signals"]
## set cinoutgroup [add_wave_group "C InOuts" -into $designtopgroup]
## set src_sz__return_group [add_wave_group src_sz__return(axi_slave) -into $cinoutgroup]
## add_wave /apatb_dut_top/AESL_inst_dut/interrupt -into $src_sz__return_group -color #ffff00 -radix hex
## add_wave /apatb_dut_top/AESL_inst_dut/s_axi_control_BRESP -into $src_sz__return_group -radix hex
## add_wave /apatb_dut_top/AESL_inst_dut/s_axi_control_BREADY -into $src_sz__return_group -color #ffff00 -radix hex
## add_wave /apatb_dut_top/AESL_inst_dut/s_axi_control_BVALID -into $src_sz__return_group -color #ffff00 -radix hex
## add_wave /apatb_dut_top/AESL_inst_dut/s_axi_control_RRESP -into $src_sz__return_group -radix hex
## add_wave /apatb_dut_top/AESL_inst_dut/s_axi_control_RDATA -into $src_sz__return_group -radix hex
## add_wave /apatb_dut_top/AESL_inst_dut/s_axi_control_RREADY -into $src_sz__return_group -color #ffff00 -radix hex
## add_wave /apatb_dut_top/AESL_inst_dut/s_axi_control_RVALID -into $src_sz__return_group -color #ffff00 -radix hex
## add_wave /apatb_dut_top/AESL_inst_dut/s_axi_control_ARREADY -into $src_sz__return_group -color #ffff00 -radix hex
## add_wave /apatb_dut_top/AESL_inst_dut/s_axi_control_ARVALID -into $src_sz__return_group -color #ffff00 -radix hex
## add_wave /apatb_dut_top/AESL_inst_dut/s_axi_control_ARADDR -into $src_sz__return_group -radix hex
## add_wave /apatb_dut_top/AESL_inst_dut/s_axi_control_WSTRB -into $src_sz__return_group -radix hex
## add_wave /apatb_dut_top/AESL_inst_dut/s_axi_control_WDATA -into $src_sz__return_group -radix hex
## add_wave /apatb_dut_top/AESL_inst_dut/s_axi_control_WREADY -into $src_sz__return_group -color #ffff00 -radix hex
## add_wave /apatb_dut_top/AESL_inst_dut/s_axi_control_WVALID -into $src_sz__return_group -color #ffff00 -radix hex
## add_wave /apatb_dut_top/AESL_inst_dut/s_axi_control_AWREADY -into $src_sz__return_group -color #ffff00 -radix hex
## add_wave /apatb_dut_top/AESL_inst_dut/s_axi_control_AWVALID -into $src_sz__return_group -color #ffff00 -radix hex
## add_wave /apatb_dut_top/AESL_inst_dut/s_axi_control_AWADDR -into $src_sz__return_group -radix hex
## set coutputgroup [add_wave_group "C Outputs" -into $designtopgroup]
## set return_group [add_wave_group return(axis) -into $coutputgroup]
## add_wave /apatb_dut_top/AESL_inst_dut/dst_buff_TREADY -into $return_group -color #ffff00 -radix hex
## add_wave /apatb_dut_top/AESL_inst_dut/dst_buff_TVALID -into $return_group -color #ffff00 -radix hex
## add_wave /apatb_dut_top/AESL_inst_dut/dst_buff_TDATA -into $return_group -radix hex
## set cinputgroup [add_wave_group "C Inputs" -into $designtopgroup]
## set return_group [add_wave_group return(axis) -into $cinputgroup]
## add_wave /apatb_dut_top/AESL_inst_dut/src_buff_TREADY -into $return_group -color #ffff00 -radix hex
## add_wave /apatb_dut_top/AESL_inst_dut/src_buff_TVALID -into $return_group -color #ffff00 -radix hex
## add_wave /apatb_dut_top/AESL_inst_dut/src_buff_TDATA -into $return_group -radix hex
## set resetgroup [add_wave_group "Reset" -into $designtopgroup]
## add_wave /apatb_dut_top/AESL_inst_dut/ap_rst_n -into $resetgroup
## set clockgroup [add_wave_group "Clock" -into $designtopgroup]
## add_wave /apatb_dut_top/AESL_inst_dut/ap_clk -into $clockgroup
## set testbenchgroup [add_wave_group "Test Bench Signals"]
## set tbinternalsiggroup [add_wave_group "Internal Signals" -into $testbenchgroup]
## set tb_simstatus_group [add_wave_group "Simulation Status" -into $tbinternalsiggroup]
## set tb_portdepth_group [add_wave_group "Port Depth" -into $tbinternalsiggroup]
## add_wave /apatb_dut_top/AUTOTB_TRANSACTION_NUM -into $tb_simstatus_group -radix hex
## add_wave /apatb_dut_top/ready_cnt -into $tb_simstatus_group -radix hex
## add_wave /apatb_dut_top/done_cnt -into $tb_simstatus_group -radix hex
## add_wave /apatb_dut_top/LENGTH_src_buff -into $tb_portdepth_group -radix hex
## add_wave /apatb_dut_top/LENGTH_src_sz -into $tb_portdepth_group -radix hex
## add_wave /apatb_dut_top/LENGTH_dst_buff -into $tb_portdepth_group -radix hex
## set tbcinoutgroup [add_wave_group "C InOuts" -into $testbenchgroup]
## set tb_src_sz__return_group [add_wave_group src_sz__return(axi_slave) -into $tbcinoutgroup]
## add_wave /apatb_dut_top/control_INTERRUPT -into $tb_src_sz__return_group -color #ffff00 -radix hex
## add_wave /apatb_dut_top/control_BRESP -into $tb_src_sz__return_group -radix hex
## add_wave /apatb_dut_top/control_BREADY -into $tb_src_sz__return_group -color #ffff00 -radix hex
## add_wave /apatb_dut_top/control_BVALID -into $tb_src_sz__return_group -color #ffff00 -radix hex
## add_wave /apatb_dut_top/control_RRESP -into $tb_src_sz__return_group -radix hex
## add_wave /apatb_dut_top/control_RDATA -into $tb_src_sz__return_group -radix hex
## add_wave /apatb_dut_top/control_RREADY -into $tb_src_sz__return_group -color #ffff00 -radix hex
## add_wave /apatb_dut_top/control_RVALID -into $tb_src_sz__return_group -color #ffff00 -radix hex
## add_wave /apatb_dut_top/control_ARREADY -into $tb_src_sz__return_group -color #ffff00 -radix hex
## add_wave /apatb_dut_top/control_ARVALID -into $tb_src_sz__return_group -color #ffff00 -radix hex
## add_wave /apatb_dut_top/control_ARADDR -into $tb_src_sz__return_group -radix hex
## add_wave /apatb_dut_top/control_WSTRB -into $tb_src_sz__return_group -radix hex
## add_wave /apatb_dut_top/control_WDATA -into $tb_src_sz__return_group -radix hex
## add_wave /apatb_dut_top/control_WREADY -into $tb_src_sz__return_group -color #ffff00 -radix hex
## add_wave /apatb_dut_top/control_WVALID -into $tb_src_sz__return_group -color #ffff00 -radix hex
## add_wave /apatb_dut_top/control_AWREADY -into $tb_src_sz__return_group -color #ffff00 -radix hex
## add_wave /apatb_dut_top/control_AWVALID -into $tb_src_sz__return_group -color #ffff00 -radix hex
## add_wave /apatb_dut_top/control_AWADDR -into $tb_src_sz__return_group -radix hex
## set tbcoutputgroup [add_wave_group "C Outputs" -into $testbenchgroup]
## set tb_return_group [add_wave_group return(axis) -into $tbcoutputgroup]
## add_wave /apatb_dut_top/dst_buff_TREADY -into $tb_return_group -color #ffff00 -radix hex
## add_wave /apatb_dut_top/dst_buff_TVALID -into $tb_return_group -color #ffff00 -radix hex
## add_wave /apatb_dut_top/dst_buff_TDATA -into $tb_return_group -radix hex
## set tbcinputgroup [add_wave_group "C Inputs" -into $testbenchgroup]
## set tb_return_group [add_wave_group return(axis) -into $tbcinputgroup]
## add_wave /apatb_dut_top/src_buff_TREADY -into $tb_return_group -color #ffff00 -radix hex
## add_wave /apatb_dut_top/src_buff_TVALID -into $tb_return_group -color #ffff00 -radix hex
## add_wave /apatb_dut_top/src_buff_TDATA -into $tb_return_group -radix hex
## save_wave_config dut.wcfg
## run all
////////////////////////////////////////////////////////////////////////////////////
// Inter-Transaction Progress: Completed Transaction / Total Transaction
// Intra-Transaction Progress: Measured Latency / Latency Estimation * 100%
//
// RTL Simulation : "Inter-Transaction Progress" ["Intra-Transaction Progress"] @ "Simulation Time"
////////////////////////////////////////////////////////////////////////////////////
// RTL Simulation : 0 / 1 [0.00%] @ "137000"
// RTL Simulation : 1 / 1 [100.00%] @ "830204000"
////////////////////////////////////////////////////////////////////////////////////
$finish called at time : 830245500 ps : File "C:/Xilinx/Vitis_HLS/2022.1/serialization/serialization.prj/solution1/sim/verilog/dut.autotb.v" Line 357
run: Time (s): cpu = 00:01:14 ; elapsed = 00:01:15 . Memory (MB): peak = 1266.180 ; gain = 0.000
## quit
INFO: xsimkernel Simulation Memory Usage: 32504 KB (Peak: 32504 KB), Simulation CPU Usage: 10265 ms
INFO: [Common 17-206] Exiting xsim at Sat Nov 12 21:58:08 2022...
